<?xml version="1.0" encoding="UTF-8"?>
<!-- Generated by org.testng.reporters.JUnitXMLReporter -->
<testsuite hostname="L-MAA-25005271" name="StringAddresstoJson" tests="14" failures="2" timestamp="1 Nov 2018 04:18:12 GMT" time="0.917" errors="0">
  <testcase name="TC_02" time="0.051" classname="com.friday.test.Fridayskillassesment.convertstringtoJSON"/>
  <testcase name="TC_02" time="0.004" classname="com.friday.test.Fridayskillassesment.convertstringtoJSON"/>
  <testcase name="TC_02" time="0.005" classname="com.friday.test.Fridayskillassesment.convertstringtoJSON"/>
  <testcase name="TC_03" time="0.003" classname="com.friday.test.Fridayskillassesment.convertstringtoJSON"/>
  <testcase name="TC_03" time="0.004" classname="com.friday.test.Fridayskillassesment.convertstringtoJSON"/>
  <testcase name="TC_04" time="0.002" classname="com.friday.test.Fridayskillassesment.convertstringtoJSON"/>
  <testcase name="TC_04" time="0.004" classname="com.friday.test.Fridayskillassesment.convertstringtoJSON"/>
  <testcase name="TC_04" time="0.007" classname="com.friday.test.Fridayskillassesment.convertstringtoJSON"/>
  <testcase name="TC_04" time="0.002" classname="com.friday.test.Fridayskillassesment.convertstringtoJSON"/>
  <testcase name="TC_04" time="0.002" classname="com.friday.test.Fridayskillassesment.convertstringtoJSON"/>
  <testcase name="TC_04" time="0.015" classname="com.friday.test.Fridayskillassesment.convertstringtoJSON"/>
  <testcase name="TC_04" time="0.003" classname="com.friday.test.Fridayskillassesment.convertstringtoJSON"/>
  <testcase name="TC_05_negative" time="0.008" classname="com.friday.test.Fridayskillassesment.convertstringtoJSON_Negative">
    <failure type="java.lang.AssertionError" message="House number is Blaufeldweg - house number should have numeric values expected [true] but found [false]">
      <![CDATA[java.lang.AssertionError: House number is Blaufeldweg - house number should have numeric values expected [true] but found [false]
	at com.friday.test.Fridayskillassesment.processor.Dataparser.splitdata(Dataparser.java:37)
	at com.friday.test.Fridayskillassesment.convertstringtoJSON_Negative.TC_05_negative(convertstringtoJSON_Negative.java:32)
	at java.util.concurrent.Executors$RunnableAdapter.call(Executors.java:511)
	at java.util.concurrent.FutureTask.run(FutureTask.java:266)
	at java.util.concurrent.ThreadPoolExecutor.runWorker(ThreadPoolExecutor.java:1149)
	at java.util.concurrent.ThreadPoolExecutor$Worker.run(ThreadPoolExecutor.java:624)
	at java.lang.Thread.run(Thread.java:748)
... Removed 10 stack frames]]>
    </failure>
  </testcase> <!-- TC_05_negative -->
  <testcase name="TC_06_negative" time="0.003" classname="com.friday.test.Fridayskillassesment.convertstringtoJSON_Negative">
    <failure type="java.lang.AssertionError" message="Street name is wintralle 3 berlin - Street name should have string values with no numbers between expected [true] but found [false]">
      <![CDATA[java.lang.AssertionError: Street name is wintralle 3 berlin - Street name should have string values with no numbers between expected [true] but found [false]
	at com.friday.test.Fridayskillassesment.processor.Dataparser.splitdata(Dataparser.java:45)
	at com.friday.test.Fridayskillassesment.convertstringtoJSON_Negative.TC_06_negative(convertstringtoJSON_Negative.java:39)
	at java.util.concurrent.Executors$RunnableAdapter.call(Executors.java:511)
	at java.util.concurrent.FutureTask.run(FutureTask.java:266)
	at java.util.concurrent.ThreadPoolExecutor.runWorker(ThreadPoolExecutor.java:1149)
	at java.util.concurrent.ThreadPoolExecutor$Worker.run(ThreadPoolExecutor.java:624)
	at java.lang.Thread.run(Thread.java:748)
... Removed 10 stack frames]]>
    </failure>
  </testcase> <!-- TC_06_negative -->
</testsuite> <!-- StringAddresstoJson -->
