<?xml version="1.0" encoding="UTF-8"?>
<!-- Generated by org.testng.reporters.JUnitXMLReporter -->
<testsuite hostname="L-MAA-25005271" ignored="0" name="Main" tests="14" failures="2" timestamp="31 Oct 2018 18:12:08 GMT" time="1.002" errors="0">
  <testcase name="TC_02" time="0.061" classname="com.friday.test.Fridayskillassesment.convertstringtoJSON"/>
  <testcase name="TC_02" time="0.003" classname="com.friday.test.Fridayskillassesment.convertstringtoJSON"/>
  <testcase name="TC_02" time="0.004" classname="com.friday.test.Fridayskillassesment.convertstringtoJSON"/>
  <testcase name="TC_03" time="0.005" classname="com.friday.test.Fridayskillassesment.convertstringtoJSON"/>
  <testcase name="TC_03" time="0.003" classname="com.friday.test.Fridayskillassesment.convertstringtoJSON"/>
  <testcase name="TC_04" time="0.003" classname="com.friday.test.Fridayskillassesment.convertstringtoJSON"/>
  <testcase name="TC_04" time="0.004" classname="com.friday.test.Fridayskillassesment.convertstringtoJSON"/>
  <testcase name="TC_04" time="0.003" classname="com.friday.test.Fridayskillassesment.convertstringtoJSON"/>
  <testcase name="TC_04" time="0.019" classname="com.friday.test.Fridayskillassesment.convertstringtoJSON"/>
  <testcase name="TC_04" time="0.005" classname="com.friday.test.Fridayskillassesment.convertstringtoJSON"/>
  <testcase name="TC_04" time="0.004" classname="com.friday.test.Fridayskillassesment.convertstringtoJSON"/>
  <testcase name="TC_04" time="0.006" classname="com.friday.test.Fridayskillassesment.convertstringtoJSON"/>
  <testcase name="TC_05_negative" time="0.004" classname="com.friday.test.Fridayskillassesment.convertstringtoJSON_Negative">
    <failure type="java.lang.AssertionError" message="House number is Blaufeldweg - house number should have numeric values expected [true] but found [false]">
      <![CDATA[java.lang.AssertionError: House number is Blaufeldweg - house number should have numeric values expected [true] but found [false]at com.friday.test.Fridayskillassesment.processor.Dataparser.splitdata(Dataparser.java:43)at com.friday.test.Fridayskillassesment.convertstringtoJSON_Negative.TC_05_negative(convertstringtoJSON_Negative.java:38)at java.util.concurrent.Executors$RunnableAdapter.call(Executors.java:511)at java.util.concurrent.FutureTask.run(FutureTask.java:266)at java.util.concurrent.ThreadPoolExecutor.runWorker(ThreadPoolExecutor.java:1149)at java.util.concurrent.ThreadPoolExecutor$Worker.run(ThreadPoolExecutor.java:624)at java.lang.Thread.run(Thread.java:748)... Removed 10 stack frames]]>
    </failure>
  </testcase> <!-- TC_05_negative -->
  <testcase name="TC_06_negative" time="0.007" classname="com.friday.test.Fridayskillassesment.convertstringtoJSON_Negative">
    <failure type="java.lang.AssertionError" message="Street name is wintralle 3 berlin - Street name should have string values with no numbers between expected [true] but found [false]">
      <![CDATA[java.lang.AssertionError: Street name is wintralle 3 berlin - Street name should have string values with no numbers between expected [true] but found [false]at com.friday.test.Fridayskillassesment.processor.Dataparser.splitdata(Dataparser.java:48)at com.friday.test.Fridayskillassesment.convertstringtoJSON_Negative.TC_06_negative(convertstringtoJSON_Negative.java:44)at java.util.concurrent.Executors$RunnableAdapter.call(Executors.java:511)at java.util.concurrent.FutureTask.run(FutureTask.java:266)at java.util.concurrent.ThreadPoolExecutor.runWorker(ThreadPoolExecutor.java:1149)at java.util.concurrent.ThreadPoolExecutor$Worker.run(ThreadPoolExecutor.java:624)at java.lang.Thread.run(Thread.java:748)... Removed 10 stack frames]]>
    </failure>
  </testcase> <!-- TC_06_negative -->
</testsuite> <!-- Main -->
