<?xml version="1.0" encoding="UTF-8"?>
<!-- Generated by org.testng.reporters.JUnitXMLReporter -->
<testsuite hostname="L-MAA-25005271" ignored="2" name="StringAddresstoJson" tests="12" failures="0" timestamp="01 Nov 2018 04:31:27 GMT" time="0.804" errors="0">
  <testcase name="TC_02" time="0.062" classname="com.friday.test.Fridayskillassesment.convertstringtoJSON"/>
  <testcase name="TC_02" time="0.008" classname="com.friday.test.Fridayskillassesment.convertstringtoJSON"/>
  <testcase name="TC_02" time="0.008" classname="com.friday.test.Fridayskillassesment.convertstringtoJSON"/>
  <testcase name="TC_03" time="0.003" classname="com.friday.test.Fridayskillassesment.convertstringtoJSON"/>
  <testcase name="TC_03" time="0.004" classname="com.friday.test.Fridayskillassesment.convertstringtoJSON"/>
  <testcase name="TC_04" time="0.003" classname="com.friday.test.Fridayskillassesment.convertstringtoJSON"/>
  <testcase name="TC_04" time="0.005" classname="com.friday.test.Fridayskillassesment.convertstringtoJSON"/>
  <testcase name="TC_04" time="0.004" classname="com.friday.test.Fridayskillassesment.convertstringtoJSON"/>
  <testcase name="TC_04" time="0.016" classname="com.friday.test.Fridayskillassesment.convertstringtoJSON"/>
  <testcase name="TC_04" time="0.003" classname="com.friday.test.Fridayskillassesment.convertstringtoJSON"/>
  <testcase name="TC_04" time="0.003" classname="com.friday.test.Fridayskillassesment.convertstringtoJSON"/>
  <testcase name="TC_04" time="0.004" classname="com.friday.test.Fridayskillassesment.convertstringtoJSON"/>
  <testcase name="TC_05_negative" time="0.0" classname="com.friday.test.Fridayskillassesment.convertstringtoJSON_Negative">
    <ignored/>
  </testcase> <!-- TC_05_negative -->
  <testcase name="TC_06_negative" time="0.0" classname="com.friday.test.Fridayskillassesment.convertstringtoJSON_Negative">
    <ignored/>
  </testcase> <!-- TC_06_negative -->
</testsuite> <!-- StringAddresstoJson -->
