<?xml version="1.0" encoding="UTF-8"?>
<testsuite xmlns:xsi="http://www.w3.org/2001/XMLSchema-instance" xsi:schemaLocation="https://maven.apache.org/surefire/maven-surefire-plugin/xsd/surefire-test-report.xsd" name="TestSuite" time="1.798" tests="14" errors="0" skipped="0" failures="2">
  <properties>
[...]
</properties>
  <testcase name="TC_02" classname="com.friday.test.Fridayskillassesment.convertstringtoJSON" time="0.052"/>
  <testcase name="TC_02" classname="com.friday.test.Fridayskillassesment.convertstringtoJSON" time="0.002"/>
  <testcase name="TC_02" classname="com.friday.test.Fridayskillassesment.convertstringtoJSON" time="0.004"/>
  <testcase name="TC_03" classname="com.friday.test.Fridayskillassesment.convertstringtoJSON" time="0.002"/>
  <testcase name="TC_03" classname="com.friday.test.Fridayskillassesment.convertstringtoJSON" time="0.004"/>
  <testcase name="TC_04" classname="com.friday.test.Fridayskillassesment.convertstringtoJSON" time="0.005"/>
  <testcase name="TC_04" classname="com.friday.test.Fridayskillassesment.convertstringtoJSON" time="0.004"/>
  <testcase name="TC_04" classname="com.friday.test.Fridayskillassesment.convertstringtoJSON" time="0.006"/>
  <testcase name="TC_04" classname="com.friday.test.Fridayskillassesment.convertstringtoJSON" time="0.002"/>
  <testcase name="TC_04" classname="com.friday.test.Fridayskillassesment.convertstringtoJSON" time="0.003"/>
  <testcase name="TC_04" classname="com.friday.test.Fridayskillassesment.convertstringtoJSON" time="0.017"/>
  <testcase name="TC_04" classname="com.friday.test.Fridayskillassesment.convertstringtoJSON" time="0.002"/>
  <testcase name="TC_05_negative" classname="com.friday.test.Fridayskillassesment.convertstringtoJSON_Negative" time="0.013">
    <failure message="House number is Blaufeldweg - house number should have numeric values expected [true] but found [false]" type="java.lang.AssertionError">java.lang.AssertionError: House number is Blaufeldweg - house number should have numeric values expected [true] but found [false]
	at com.friday.test.Fridayskillassesment.convertstringtoJSON_Negative.TC_05_negative(convertstringtoJSON_Negative.java:32)
</failure>
    <system-out><![CDATA[TC_05_negative
house number should have numeric values
]]></system-out>
  </testcase>
  <testcase name="TC_06_negative" classname="com.friday.test.Fridayskillassesment.convertstringtoJSON_Negative" time="0.002">
    <failure message="Street name is wintralle 3 berlin - Street name should have string values with no numbers between expected [true] but found [false]" type="java.lang.AssertionError">java.lang.AssertionError: Street name is wintralle 3 berlin - Street name should have string values with no numbers between expected [true] but found [false]
	at com.friday.test.Fridayskillassesment.convertstringtoJSON_Negative.TC_06_negative(convertstringtoJSON_Negative.java:39)
</failure>
    <system-out><![CDATA[TC_06_negative
Street name should have string values
]]></system-out>
  </testcase>
</testsuite>