<?xml version="1.0" encoding="UTF-8"?>
<testng-results skipped="0" failed="0" ignored="2" total="14" passed="12">
  <reporter-output>
  </reporter-output>
  <suite name="FridayAssesment Suite" duration-ms="804" started-at="2018-11-01T04:31:26Z" finished-at="2018-11-01T04:31:26Z">
    <groups>
    </groups>
    <test name="StringAddresstoJson" duration-ms="804" started-at="2018-11-01T04:31:26Z" finished-at="2018-11-01T04:31:26Z">
      <class name="com.friday.test.Fridayskillassesment.convertstringtoJSON">
        <test-method status="PASS" signature="intializeSuite(java.lang.String, java.lang.String)[pri:0, instance:com.friday.test.Fridayskillassesment.convertstringtoJSON@544fe44c]" name="intializeSuite" is-config="true" duration-ms="18" started-at="2018-11-01T10:01:26Z" finished-at="2018-11-01T10:01:26Z">
          <params>
            <param index="0">
              <value>
                <![CDATA[]]>
              </value>
            </param>
            <param index="1">
              <value>
                <![CDATA[]]>
              </value>
            </param>
          </params>
          <reporter-output>
          </reporter-output>
        </test-method> <!-- intializeSuite -->
        <test-method status="PASS" signature="TC_02(java.lang.String, java.lang.String)[pri:0, instance:com.friday.test.Fridayskillassesment.convertstringtoJSON@544fe44c]" name="TC_02" duration-ms="62" started-at="2018-11-01T10:01:26Z" data-provider="testScripts" finished-at="2018-11-01T10:01:26Z">
          <params>
            <param index="0">
              <value>
                <![CDATA[data1]]>
              </value>
            </param>
            <param index="1">
              <value>
                <![CDATA[Winterallee 3]]>
              </value>
            </param>
          </params>
          <reporter-output>
          </reporter-output>
        </test-method> <!-- TC_02 -->
        <test-method status="PASS" signature="TC_02(java.lang.String, java.lang.String)[pri:0, instance:com.friday.test.Fridayskillassesment.convertstringtoJSON@544fe44c]" name="TC_02" duration-ms="8" started-at="2018-11-01T10:01:26Z" data-provider="testScripts" finished-at="2018-11-01T10:01:26Z">
          <params>
            <param index="0">
              <value>
                <![CDATA[data2]]>
              </value>
            </param>
            <param index="1">
              <value>
                <![CDATA[Musterstrasse 45]]>
              </value>
            </param>
          </params>
          <reporter-output>
          </reporter-output>
        </test-method> <!-- TC_02 -->
        <test-method status="PASS" signature="TC_02(java.lang.String, java.lang.String)[pri:0, instance:com.friday.test.Fridayskillassesment.convertstringtoJSON@544fe44c]" name="TC_02" duration-ms="8" started-at="2018-11-01T10:01:26Z" data-provider="testScripts" finished-at="2018-11-01T10:01:26Z">
          <params>
            <param index="0">
              <value>
                <![CDATA[data3]]>
              </value>
            </param>
            <param index="1">
              <value>
                <![CDATA[Blaufeldweg 123B]]>
              </value>
            </param>
          </params>
          <reporter-output>
          </reporter-output>
        </test-method> <!-- TC_02 -->
        <test-method status="PASS" signature="TC_03(java.lang.String, java.lang.String)[pri:0, instance:com.friday.test.Fridayskillassesment.convertstringtoJSON@544fe44c]" name="TC_03" duration-ms="3" started-at="2018-11-01T10:01:26Z" data-provider="testScripts" finished-at="2018-11-01T10:01:26Z">
          <params>
            <param index="0">
              <value>
                <![CDATA[data1]]>
              </value>
            </param>
            <param index="1">
              <value>
                <![CDATA[Am Bächle 23]]>
              </value>
            </param>
          </params>
          <reporter-output>
          </reporter-output>
        </test-method> <!-- TC_03 -->
        <test-method status="PASS" signature="TC_03(java.lang.String, java.lang.String)[pri:0, instance:com.friday.test.Fridayskillassesment.convertstringtoJSON@544fe44c]" name="TC_03" duration-ms="4" started-at="2018-11-01T10:01:26Z" data-provider="testScripts" finished-at="2018-11-01T10:01:26Z">
          <params>
            <param index="0">
              <value>
                <![CDATA[data2]]>
              </value>
            </param>
            <param index="1">
              <value>
                <![CDATA[Auf der Vogelwiese 23 b]]>
              </value>
            </param>
          </params>
          <reporter-output>
          </reporter-output>
        </test-method> <!-- TC_03 -->
        <test-method status="PASS" signature="TC_04(java.lang.String, java.lang.String)[pri:0, instance:com.friday.test.Fridayskillassesment.convertstringtoJSON@544fe44c]" name="TC_04" duration-ms="3" started-at="2018-11-01T10:01:26Z" data-provider="testScripts" finished-at="2018-11-01T10:01:26Z">
          <params>
            <param index="0">
              <value>
                <![CDATA[data1]]>
              </value>
            </param>
            <param index="1">
              <value>
                <![CDATA[4, rue de la revolution]]>
              </value>
            </param>
          </params>
          <reporter-output>
          </reporter-output>
        </test-method> <!-- TC_04 -->
        <test-method status="PASS" signature="TC_04(java.lang.String, java.lang.String)[pri:0, instance:com.friday.test.Fridayskillassesment.convertstringtoJSON@544fe44c]" name="TC_04" duration-ms="5" started-at="2018-11-01T10:01:26Z" data-provider="testScripts" finished-at="2018-11-01T10:01:26Z">
          <params>
            <param index="0">
              <value>
                <![CDATA[data2]]>
              </value>
            </param>
            <param index="1">
              <value>
                <![CDATA[200 Broadway Av]]>
              </value>
            </param>
          </params>
          <reporter-output>
          </reporter-output>
        </test-method> <!-- TC_04 -->
        <test-method status="PASS" signature="TC_04(java.lang.String, java.lang.String)[pri:0, instance:com.friday.test.Fridayskillassesment.convertstringtoJSON@544fe44c]" name="TC_04" duration-ms="4" started-at="2018-11-01T10:01:26Z" data-provider="testScripts" finished-at="2018-11-01T10:01:26Z">
          <params>
            <param index="0">
              <value>
                <![CDATA[data3]]>
              </value>
            </param>
            <param index="1">
              <value>
                <![CDATA[Calle Aduana, 29]]>
              </value>
            </param>
          </params>
          <reporter-output>
          </reporter-output>
        </test-method> <!-- TC_04 -->
        <test-method status="PASS" signature="TC_04(java.lang.String, java.lang.String)[pri:0, instance:com.friday.test.Fridayskillassesment.convertstringtoJSON@544fe44c]" name="TC_04" duration-ms="16" started-at="2018-11-01T10:01:26Z" data-provider="testScripts" finished-at="2018-11-01T10:01:26Z">
          <params>
            <param index="0">
              <value>
                <![CDATA[data4]]>
              </value>
            </param>
            <param index="1">
              <value>
                <![CDATA[Calle 39 No 1540]]>
              </value>
            </param>
          </params>
          <reporter-output>
          </reporter-output>
        </test-method> <!-- TC_04 -->
        <test-method status="PASS" signature="TC_04(java.lang.String, java.lang.String)[pri:0, instance:com.friday.test.Fridayskillassesment.convertstringtoJSON@544fe44c]" name="TC_04" duration-ms="3" started-at="2018-11-01T10:01:26Z" data-provider="testScripts" finished-at="2018-11-01T10:01:26Z">
          <params>
            <param index="0">
              <value>
                <![CDATA[data5]]>
              </value>
            </param>
            <param index="1">
              <value>
                <![CDATA[# 1540 Calle 39]]>
              </value>
            </param>
          </params>
          <reporter-output>
          </reporter-output>
        </test-method> <!-- TC_04 -->
        <test-method status="PASS" signature="TC_04(java.lang.String, java.lang.String)[pri:0, instance:com.friday.test.Fridayskillassesment.convertstringtoJSON@544fe44c]" name="TC_04" duration-ms="3" started-at="2018-11-01T10:01:26Z" data-provider="testScripts" finished-at="2018-11-01T10:01:26Z">
          <params>
            <param index="0">
              <value>
                <![CDATA[data6]]>
              </value>
            </param>
            <param index="1">
              <value>
                <![CDATA[No 1540 Calle 39]]>
              </value>
            </param>
          </params>
          <reporter-output>
          </reporter-output>
        </test-method> <!-- TC_04 -->
        <test-method status="PASS" signature="TC_04(java.lang.String, java.lang.String)[pri:0, instance:com.friday.test.Fridayskillassesment.convertstringtoJSON@544fe44c]" name="TC_04" duration-ms="4" started-at="2018-11-01T10:01:26Z" data-provider="testScripts" finished-at="2018-11-01T10:01:26Z">
          <params>
            <param index="0">
              <value>
                <![CDATA[data7]]>
              </value>
            </param>
            <param index="1">
              <value>
                <![CDATA[No Calle 39]]>
              </value>
            </param>
          </params>
          <reporter-output>
          </reporter-output>
        </test-method> <!-- TC_04 -->
        <test-method status="PASS" signature="generateJsonfile()[pri:0, instance:com.friday.test.Fridayskillassesment.convertstringtoJSON@544fe44c]" name="generateJsonfile" is-config="true" duration-ms="8" started-at="2018-11-01T10:01:26Z" finished-at="2018-11-01T10:01:26Z">
          <reporter-output>
          </reporter-output>
        </test-method> <!-- generateJsonfile -->
      </class> <!-- com.friday.test.Fridayskillassesment.convertstringtoJSON -->
    </test> <!-- StringAddresstoJson -->
  </suite> <!-- FridayAssesment Suite -->
</testng-results>
